{
  "uid" : "47571c56e5316c5",
  "name" : "test_navigation_is_clickable",
  "fullName" : "proj01_poc.test_case.case2001_check_homepage.Test_POC#test_navigation_is_clickable",
  "historyId" : "f29e6bafd95c3151742913094c696646",
  "time" : {
    "start" : 1589454113519,
    "stop" : 1589454113524,
    "duration" : 5
  },
  "description" : "\n        this is the testcase 002 description\n        ",
  "descriptionHtml" : "<pre><code>    this is the testcase 002 description\n</code></pre>\n",
  "status" : "failed",
  "statusMessage" : "AssertionError: assert 1 == 0\n +  where 1 = <proj01_poc.test_case.case2001_check_homepage.Test_POC testMethod=test_navigation_is_clickable>.res",
  "statusTrace" : "self = <proj01_poc.test_case.case2001_check_homepage.Test_POC testMethod=test_navigation_is_clickable>\n\n    @allure.feature(\"check home page\")\n    @allure.story('check home button is clickable')\n    @pytest.mark.run(order=2)\n    def test_navigation_is_clickable(self):\n        \"\"\"\n        this is the testcase 002 description\n        \"\"\"\n        self.res = 0\n        try:\n            self.homepage.element_is_clickable(self.homepage.element.hompage_navigation)\n            self.homepage.logger.info(\"home button is clickable\")\n        except:\n            self.res += 1\n            self.homepage.logger.warning(\"this button is not clickable\")\n>       assert self.res == 0\nE       AssertionError: assert 1 == 0\nE        +  where 1 = <proj01_poc.test_case.case2001_check_homepage.Test_POC testMethod=test_navigation_is_clickable>.res\n\nproj01_poc\\test_case\\case2001_check_homepage.py:51: AssertionError",
  "flaky" : false,
  "beforeStages" : [ {
    "name" : "_UnitTestCase__pytest_class_setup",
    "time" : {
      "start" : 1589454106871,
      "stop" : 1589454113518,
      "duration" : 6647
    },
    "status" : "passed",
    "steps" : [ ],
    "attachments" : [ ],
    "parameters" : [ ],
    "stepsCount" : 0,
    "hasContent" : false,
    "attachmentsCount" : 0,
    "shouldDisplayMessage" : false
  } ],
  "testStage" : {
    "description" : "\n        this is the testcase 002 description\n        ",
    "status" : "failed",
    "statusMessage" : "AssertionError: assert 1 == 0\n +  where 1 = <proj01_poc.test_case.case2001_check_homepage.Test_POC testMethod=test_navigation_is_clickable>.res",
    "statusTrace" : "self = <proj01_poc.test_case.case2001_check_homepage.Test_POC testMethod=test_navigation_is_clickable>\n\n    @allure.feature(\"check home page\")\n    @allure.story('check home button is clickable')\n    @pytest.mark.run(order=2)\n    def test_navigation_is_clickable(self):\n        \"\"\"\n        this is the testcase 002 description\n        \"\"\"\n        self.res = 0\n        try:\n            self.homepage.element_is_clickable(self.homepage.element.hompage_navigation)\n            self.homepage.logger.info(\"home button is clickable\")\n        except:\n            self.res += 1\n            self.homepage.logger.warning(\"this button is not clickable\")\n>       assert self.res == 0\nE       AssertionError: assert 1 == 0\nE        +  where 1 = <proj01_poc.test_case.case2001_check_homepage.Test_POC testMethod=test_navigation_is_clickable>.res\n\nproj01_poc\\test_case\\case2001_check_homepage.py:51: AssertionError",
    "steps" : [ ],
    "attachments" : [ {
      "uid" : "fbb0d41d88f12b86",
      "name" : "log",
      "source" : "fbb0d41d88f12b86.txt",
      "type" : "text/plain",
      "size" : 65
    } ],
    "parameters" : [ ],
    "stepsCount" : 0,
    "hasContent" : true,
    "attachmentsCount" : 1,
    "shouldDisplayMessage" : true
  },
  "afterStages" : [ {
    "name" : "_UnitTestCase__pytest_class_setup::0",
    "time" : {
      "start" : 1589454113627,
      "stop" : 1589454114502,
      "duration" : 875
    },
    "status" : "passed",
    "steps" : [ ],
    "attachments" : [ ],
    "parameters" : [ ],
    "stepsCount" : 0,
    "hasContent" : false,
    "attachmentsCount" : 0,
    "shouldDisplayMessage" : false
  } ],
  "labels" : [ {
    "name" : "feature",
    "value" : "check home page"
  }, {
    "name" : "story",
    "value" : "check home button is clickable"
  }, {
    "name" : "parentSuite",
    "value" : "proj01_poc.test_case"
  }, {
    "name" : "suite",
    "value" : "case2001_check_homepage"
  }, {
    "name" : "subSuite",
    "value" : "Test_POC"
  }, {
    "name" : "host",
    "value" : "USER-20190323YT"
  }, {
    "name" : "thread",
    "value" : "15084-MainThread"
  }, {
    "name" : "framework",
    "value" : "pytest"
  }, {
    "name" : "language",
    "value" : "cpython3"
  }, {
    "name" : "package",
    "value" : "proj01_poc.test_case.case2001_check_homepage"
  }, {
    "name" : "resultFormat",
    "value" : "allure2"
  } ],
  "parameters" : [ ],
  "links" : [ ],
  "hidden" : true,
  "retry" : true,
  "extra" : {
    "categories" : [ ],
    "tags" : [ ]
  },
  "source" : "47571c56e5316c5.json",
  "parameterValues" : [ ]
}